<?xml version="1.0" encoding="UTF-8"?>
<!-- Generated by org.testng.reporters.JUnitXMLReporter -->
<testsuite ignored="4" hostname="LAPTOP-ERTT7HBN" failures="0" tests="1" name="Default test" time="9.18" errors="0" timestamp="2023-01-11T08:40:54 EST">
  <testcase classname="automation.Scenario" name="userupdatecalvalues" time="3.702"/>
  <testcase classname="automation.Scenario" name="fieldsarenotdisplayedonno" time="0.0">
    <ignored/>
  </testcase> <!-- fieldsarenotdisplayedonno -->
  <testcase classname="automation.Scenario" name="submitwithallreqfields" time="0.0">
    <ignored/>
  </testcase> <!-- submitwithallreqfields -->
  <testcase classname="automation.Scenario" name="submitwithallfields" time="0.0">
    <ignored/>
  </testcase> <!-- submitwithallfields -->
  <testcase classname="automation.Scenario" name="fieldsaredisplayedonyes" time="0.0">
    <ignored/>
  </testcase> <!-- fieldsaredisplayedonyes -->
</testsuite> <!-- Default test -->
