<?xml version="1.0" encoding="UTF-8"?>
<testng-results ignored="4" total="5" passed="1" failed="0" skipped="0">
  <reporter-output>
  </reporter-output>
  <suite started-at="2023-01-11T08:40:45 EST" name="Default suite" finished-at="2023-01-11T08:40:54 EST" duration-ms="9180">
    <groups>
    </groups>
    <test started-at="2023-01-11T08:40:45 EST" name="Default test" finished-at="2023-01-11T08:40:54 EST" duration-ms="9180">
      <class name="automation.Scenario">
        <test-method is-config="true" signature="startchromebrowser()[pri:0, instance:automation.Scenario@4f6ee6e4]" started-at="2023-01-11T08:40:45 EST" name="startchromebrowser" finished-at="2023-01-11T08:40:50 EST" duration-ms="5285" status="PASS">
          <reporter-output>
          </reporter-output>
        </test-method> <!-- startchromebrowser -->
        <test-method signature="userupdatecalvalues()[pri:0, instance:automation.Scenario@4f6ee6e4]" started-at="2023-01-11T08:40:50 EST" name="userupdatecalvalues" finished-at="2023-01-11T08:40:54 EST" duration-ms="3702" status="PASS">
          <reporter-output>
          </reporter-output>
        </test-method> <!-- userupdatecalvalues -->
        <test-method is-config="true" signature="closebrowser()[pri:0, instance:automation.Scenario@4f6ee6e4]" started-at="2023-01-11T08:40:54 EST" name="closebrowser" finished-at="2023-01-11T08:40:54 EST" duration-ms="163" status="PASS">
          <reporter-output>
          </reporter-output>
        </test-method> <!-- closebrowser -->
      </class> <!-- automation.Scenario -->
    </test> <!-- Default test -->
  </suite> <!-- Default suite -->
</testng-results>
